2025-04-02 16:20:57,314 - WARNING - Error loading existing data: [Errno 2] No such file or directory: 'output'
2025-04-02 16:20:57,314 - INFO - No existing data found, starting fresh
2025-04-02 16:20:57,314 - INFO - No checkpoint file found, starting fresh
2025-04-02 16:20:57,314 - INFO - Created temporary directory for Chrome: /tmp/chrome-data-aryli2e8
2025-04-02 16:21:06,342 - INFO - Opening URL: https://coinmarketcap.com/community/search/latest/curve-dao-token/
2025-04-02 16:21:13,085 - INFO - No cookie consent dialog found
2025-04-02 16:21:13,094 - INFO - Posts loaded successfully.
2025-04-02 16:21:13,094 - INFO - Starting data collection with 0 already collected posts...
2025-04-02 16:21:13,694 - INFO - Collected post from 2025-04-02 12:08:36 by Unknown
2025-04-02 16:21:14,305 - INFO - Collected post from 2025-04-02 04:02:57 by Unknown
2025-04-02 16:21:14,992 - INFO - Collected post from 2025-04-02 02:10:37 by Unknown
2025-04-02 16:21:15,562 - INFO - Collected post from 2025-04-02 01:50:30 by Unknown
2025-04-02 16:21:16,161 - INFO - Collected post from 2025-04-01 23:40:35 by Unknown
2025-04-02 16:21:17,261 - INFO - Collected post from 2025-04-01 21:52:16 by Unknown
2025-04-02 16:21:17,761 - INFO - Waiting 4.41 seconds before scrolling...
2025-04-02 16:21:25,838 - INFO - Collected post from 2025-04-01 19:43:05 by Unknown
2025-04-02 16:21:26,428 - INFO - Collected post from 2025-04-01 19:29:03 by Unknown
2025-04-02 16:21:26,974 - INFO - Collected post from 2025-04-01 16:54:00 by Unknown
2025-04-02 16:21:27,552 - INFO - Collected post from 2025-04-01 16:06:41 by Unknown
2025-04-02 16:21:28,131 - INFO - Collected post from 2025-04-01 14:16:45 by Unknown
2025-04-02 16:21:29,208 - INFO - Collected post from 2025-04-01 13:19:45 by Unknown
2025-04-02 16:21:30,258 - INFO - Waiting 3.44 seconds before scrolling...
2025-04-02 16:21:40,068 - INFO - Successfully clicked 'Read all' button
2025-04-02 16:21:42,096 - INFO - Collected post from 2025-04-01 13:09:29 by Unknown
2025-04-02 16:21:43,204 - INFO - Collected post from 2025-04-01 13:09:12 by Unknown
2025-04-02 16:21:43,743 - INFO - Waiting 4.52 seconds before scrolling...
2025-04-02 16:21:54,700 - INFO - Successfully clicked 'Read all' button
2025-04-02 16:21:56,730 - INFO - Collected post from 2025-04-01 13:09:01 by Unknown
2025-04-02 16:21:57,870 - INFO - Collected post from 2025-04-01 13:08:43 by Unknown
2025-04-02 16:21:58,409 - INFO - Waiting 3.72 seconds before scrolling...
2025-04-02 16:22:06,339 - INFO - Successfully clicked 'Read all' button
2025-04-02 16:22:08,369 - INFO - Collected post from 2025-04-01 10:28:16 by Unknown
2025-04-02 16:22:08,977 - INFO - Collected post from 2025-04-01 09:49:44 by Unknown
2025-04-02 16:22:09,558 - INFO - Collected post from 2025-04-01 09:10:06 by Unknown
2025-04-02 16:22:10,151 - INFO - Collected post from 2025-04-01 08:58:45 by Unknown
2025-04-02 16:22:10,733 - INFO - Collected post from 2025-04-01 08:50:51 by Unknown
2025-04-02 16:22:12,296 - INFO - Waiting 4.58 seconds before scrolling...
2025-04-02 16:22:19,882 - INFO - Completed 5 scrolls, collected 21 posts so far.
2025-04-02 16:22:19,883 - INFO - Oldest post timestamp: 2025-04-01
2025-04-02 16:22:23,300 - INFO - Successfully clicked 'Read all' button
2025-04-02 16:22:25,376 - INFO - Collected post from 2025-04-01 08:04:45 by Unknown
2025-04-02 16:22:27,060 - INFO - Successfully clicked 'Read all' button
2025-04-02 16:22:29,087 - INFO - Collected post from 2025-04-01 06:19:45 by Unknown
2025-04-02 16:22:29,710 - INFO - Collected post from 2025-04-01 04:20:53 by Unknown
2025-04-02 16:22:30,239 - INFO - Waiting 4.57 seconds before scrolling...
2025-04-02 16:22:40,697 - INFO - Collected post from 2025-04-01 04:16:45 by Unknown
2025-04-02 16:22:42,363 - INFO - Successfully clicked 'Read all' button
2025-04-02 16:22:44,394 - INFO - Collected post from 2025-04-01 00:46:45 by Unknown
2025-04-02 16:22:45,443 - INFO - Waiting 3.61 seconds before scrolling...
2025-04-02 16:22:52,679 - INFO - Collected post from 2025-03-31 04:37:45 by Unknown
2025-04-02 16:22:53,278 - INFO - Collected post from 2025-03-31 03:48:43 by Unknown
2025-04-02 16:22:53,872 - INFO - Collected post from 2025-03-30 07:00:47 by Unknown
2025-04-02 16:22:55,009 - INFO - Successfully clicked 'Read all' button
2025-04-02 16:22:57,036 - INFO - Collected post from 2025-03-29 15:29:07 by Unknown
2025-04-02 16:22:57,611 - INFO - Collected post from 2025-03-29 15:28:56 by Unknown
2025-04-02 16:22:58,718 - INFO - Collected post from 2025-03-29 13:00:53 by Unknown
2025-04-02 16:22:59,861 - INFO - Successfully clicked 'Read all' button
2025-04-02 16:23:01,887 - INFO - Collected post from 2025-03-29 11:04:45 by Unknown
2025-04-02 16:23:02,416 - INFO - Waiting 4.43 seconds before scrolling...
2025-04-02 16:23:13,204 - INFO - Successfully clicked 'Read all' button
2025-04-02 16:23:15,232 - INFO - Collected post from 2025-03-29 06:11:29 by Unknown
2025-04-02 16:23:16,353 - INFO - Collected post from 2025-03-28 19:23:08 by Unknown
2025-04-02 16:23:16,891 - INFO - Waiting 4.17 seconds before scrolling...
2025-04-02 16:23:27,372 - INFO - Successfully clicked 'Read all' button
2025-04-02 16:23:29,401 - INFO - Collected post from 2025-03-28 16:13:12 by Unknown
2025-04-02 16:23:30,447 - INFO - Collected post from 2025-03-28 10:07:38 by Unknown
2025-04-02 16:23:31,497 - INFO - Waiting 3.15 seconds before scrolling...
2025-04-02 16:23:37,653 - INFO - Completed 10 scrolls, collected 37 posts so far.
2025-04-02 16:23:37,653 - INFO - Oldest post timestamp: 2025-03-28
2025-04-02 16:23:38,308 - INFO - Collected post from 2025-03-27 20:21:14 by Unknown
2025-04-02 16:23:38,892 - INFO - Collected post from 2025-03-27 19:35:00 by Unknown
2025-04-02 16:23:40,024 - INFO - Successfully clicked 'Read all' button
2025-04-02 16:23:42,052 - INFO - Collected post from 2025-03-27 19:22:49 by Unknown
2025-04-02 16:23:43,197 - INFO - Successfully clicked 'Read all' button
2025-04-02 16:23:45,228 - INFO - Collected post from 2025-03-27 18:22:45 by Unknown
2025-04-02 16:23:46,362 - INFO - Successfully clicked 'Read all' button
2025-04-02 16:23:48,390 - INFO - Collected post from 2025-03-27 17:17:26 by Unknown
2025-04-02 16:23:49,475 - INFO - Collected post from 2025-03-27 17:17:15 by Unknown
2025-04-02 16:23:50,524 - INFO - Taking a longer break (19.47s) to avoid rate limiting...
2025-04-02 16:24:09,994 - INFO - Waiting 4.27 seconds before scrolling...
2025-04-02 16:24:20,656 - INFO - Successfully clicked 'Read all' button
2025-04-02 16:24:22,685 - INFO - Collected post from 2025-03-27 15:09:46 by Unknown
2025-04-02 16:24:23,827 - INFO - Collected post from 2025-03-27 12:54:41 by Unknown
2025-04-02 16:24:24,365 - INFO - Waiting 3.31 seconds before scrolling...
2025-04-02 16:24:32,982 - INFO - Collected post from 2025-03-27 11:17:38 by Unknown
2025-04-02 16:24:34,120 - INFO - Successfully clicked 'Read all' button
2025-04-02 16:24:36,169 - INFO - Collected post from 2025-03-27 07:37:34 by Unknown
2025-04-02 16:24:37,814 - INFO - Successfully clicked 'Read all' button
2025-04-02 16:24:39,850 - INFO - Collected post from 2025-03-27 05:43:45 by Unknown
2025-04-02 16:24:40,388 - INFO - Waiting 3.69 seconds before scrolling...
2025-04-02 16:24:48,284 - INFO - Successfully clicked 'Read all' button
2025-04-02 16:24:50,315 - INFO - Collected post from 2025-03-27 03:35:16 by Unknown
2025-04-02 16:24:50,904 - INFO - Collected post from 2025-03-27 03:31:45 by Unknown
2025-04-02 16:24:51,484 - INFO - Collected post from 2025-03-27 02:22:31 by Unknown
2025-04-02 16:24:52,589 - INFO - Successfully clicked 'Read all' button
2025-04-02 16:24:54,615 - INFO - Collected post from 2025-03-26 18:16:40 by Unknown
2025-04-02 16:24:55,737 - INFO - Successfully clicked 'Read all' button
2025-04-02 16:24:57,770 - INFO - Collected post from 2025-03-26 17:15:10 by Unknown
2025-04-02 16:24:58,866 - INFO - Collected post from 2025-03-26 17:14:51 by Unknown
2025-04-02 16:24:59,404 - INFO - Waiting 3.71 seconds before scrolling...
2025-04-02 16:25:08,951 - INFO - Collected post from 2025-03-26 15:19:45 by Unknown
2025-04-02 16:25:10,023 - INFO - Collected post from 2025-03-26 14:58:39 by Unknown
2025-04-02 16:25:11,072 - INFO - Waiting 3.87 seconds before scrolling...
2025-04-02 16:25:17,946 - INFO - Completed 15 scrolls, collected 56 posts so far.
2025-04-02 16:25:17,946 - INFO - Oldest post timestamp: 2025-03-26
2025-04-02 16:25:20,741 - INFO - Collected post from 2025-03-26 14:23:25 by Unknown
2025-04-02 16:25:21,827 - INFO - Collected post from 2025-03-26 13:19:45 by Unknown
2025-04-02 16:25:22,878 - INFO - Waiting 3.44 seconds before scrolling...
2025-04-02 16:25:29,983 - INFO - Collected post from 2025-03-26 10:25:18 by Unknown
2025-04-02 16:25:30,527 - INFO - Collected post from 2025-03-26 07:49:22 by Unknown
2025-04-02 16:25:31,098 - INFO - Collected post from 2025-03-26 07:25:37 by Unknown
2025-04-02 16:25:31,678 - INFO - Collected post from 2025-03-26 05:56:55 by Unknown
2025-04-02 16:25:32,254 - INFO - Collected post from 2025-03-26 05:23:39 by Unknown
2025-04-02 16:25:33,331 - INFO - Collected post from 2025-03-26 04:43:45 by Unknown
2025-04-02 16:25:33,900 - INFO - Collected post from 2025-03-26 04:43:45 by Unknown
2025-04-02 16:25:34,949 - INFO - Waiting 4.38 seconds before scrolling...
2025-04-02 16:25:45,707 - INFO - Successfully clicked 'Read all' button
2025-04-02 16:25:47,734 - INFO - Collected post from 2025-03-26 04:26:20 by Unknown
2025-04-02 16:25:49,379 - INFO - Successfully clicked 'Read all' button
2025-04-02 16:25:51,404 - INFO - Collected post from 2025-03-25 19:43:45 by Unknown
2025-04-02 16:25:52,001 - INFO - Collected post from 2025-03-25 14:10:03 by Unknown
2025-04-02 16:25:52,530 - INFO - Waiting 3.56 seconds before scrolling...
2025-04-02 16:25:59,098 - INFO - Saved checkpoint with 68 post IDs
2025-04-02 16:26:01,902 - INFO - Collected post from 2025-03-25 09:13:17 by Unknown
2025-04-02 16:26:02,979 - INFO - Collected post from 2025-03-24 13:01:45 by Unknown
2025-04-02 16:26:04,027 - INFO - Waiting 3.61 seconds before scrolling...
2025-04-02 16:26:11,314 - INFO - Collected post from 2025-03-24 10:31:45 by Unknown
2025-04-02 16:26:12,433 - INFO - Successfully clicked 'Read all' button
2025-04-02 16:26:14,460 - INFO - Collected post from 2025-03-24 10:17:10 by Unknown
2025-04-02 16:26:15,037 - INFO - Collected post from 2025-03-24 06:26:15 by Unknown
2025-04-02 16:26:15,621 - INFO - Collected post from 2025-03-23 19:26:37 by Unknown
2025-04-02 16:26:16,201 - INFO - Collected post from 2025-03-23 19:19:00 by Unknown
2025-04-02 16:26:17,275 - INFO - Collected post from 2025-03-23 17:52:31 by Unknown
2025-04-02 16:26:18,333 - INFO - Waiting 4.02 seconds before scrolling...
2025-04-02 16:26:25,367 - INFO - Completed 20 scrolls, collected 76 posts so far.
2025-04-02 16:26:25,367 - INFO - Oldest post timestamp: 2025-03-23
2025-04-02 16:26:27,630 - INFO - Collected post from 2025-03-23 17:50:22 by Unknown
2025-04-02 16:26:28,204 - INFO - Collected post from 2025-03-23 17:35:55 by Unknown
2025-04-02 16:26:29,290 - INFO - Collected post from 2025-03-23 15:48:24 by Unknown
2025-04-02 16:26:29,888 - INFO - Collected post from 2025-03-23 09:35:32 by Unknown
2025-04-02 16:26:30,475 - INFO - Collected post from 2025-03-23 08:59:43 by Unknown
2025-04-02 16:26:30,994 - INFO - Taking a longer break (19.41s) to avoid rate limiting...
2025-04-02 16:26:50,400 - INFO - Waiting 4.21 seconds before scrolling...
2025-04-02 16:27:00,410 - INFO - Collected post from 2025-03-23 08:09:36 by Unknown
2025-04-02 16:27:02,043 - INFO - Successfully clicked 'Read all' button
2025-04-02 16:27:04,073 - INFO - Collected post from 2025-03-23 07:49:52 by Unknown
2025-04-02 16:27:04,612 - INFO - Waiting 3.66 seconds before scrolling...
2025-04-02 16:27:12,471 - INFO - Successfully clicked 'Read all' button
2025-04-02 16:27:14,499 - INFO - Collected post from 2025-03-23 02:40:49 by Unknown
2025-04-02 16:27:15,074 - INFO - Collected post from 2025-03-23 00:42:15 by Unknown
2025-04-02 16:27:16,199 - INFO - Successfully clicked 'Read all' button
2025-04-02 16:27:18,227 - INFO - Collected post from 2025-03-23 00:22:43 by Unknown
2025-04-02 16:27:18,811 - INFO - Collected post from 2025-03-23 00:21:49 by Unknown
2025-04-02 16:27:19,388 - INFO - Collected post from 2025-03-22 08:56:51 by Unknown
2025-04-02 16:27:20,436 - INFO - Waiting 3.71 seconds before scrolling...
2025-04-02 16:27:31,000 - INFO - Collected post from 2025-03-21 01:46:45 by Unknown
2025-04-02 16:27:32,049 - INFO - Waiting 4.46 seconds before scrolling...
2025-04-02 16:27:42,885 - INFO - Successfully clicked 'Read all' button
2025-04-02 16:27:44,913 - INFO - Collected post from 2025-03-20 23:25:45 by Unknown
2025-04-02 16:27:45,962 - INFO - Waiting 3.63 seconds before scrolling...
2025-04-02 16:27:52,655 - INFO - Completed 25 scrolls, collected 90 posts so far.
2025-04-02 16:27:52,655 - INFO - Oldest post timestamp: 2025-03-20
2025-04-02 16:27:53,838 - INFO - Successfully clicked 'Read all' button
2025-04-02 16:27:55,868 - INFO - Collected post from 2025-03-19 21:19:45 by Unknown
2025-04-02 16:27:56,462 - INFO - Collected post from 2025-03-19 18:56:19 by Unknown
2025-04-02 16:27:57,040 - INFO - Collected post from 2025-03-19 10:16:07 by Unknown
2025-04-02 16:27:57,623 - INFO - Collected post from 2025-03-18 23:43:40 by Unknown
2025-04-02 16:27:58,206 - INFO - Collected post from 2025-03-18 02:17:32 by Unknown
2025-04-02 16:27:59,255 - INFO - Waiting 4.10 seconds before scrolling...
2025-04-02 16:28:09,223 - INFO - Collected post from 2025-03-18 01:49:45 by Unknown
2025-04-02 16:28:10,330 - INFO - Collected post from 2025-03-17 20:50:31 by Unknown
2025-04-02 16:28:10,908 - INFO - Collected post from 2025-03-17 20:15:34 by Unknown
2025-04-02 16:28:11,480 - INFO - Collected post from 2025-03-17 07:58:59 by Unknown
2025-04-02 16:28:12,520 - INFO - Waiting 4.34 seconds before scrolling...
2025-04-02 16:28:23,262 - INFO - Successfully clicked 'Read all' button
2025-04-02 16:28:25,288 - INFO - Collected post from 2025-03-15 13:34:45 by Unknown
2025-04-02 16:28:26,374 - INFO - Collected post from 2025-03-15 05:46:21 by Unknown
2025-04-02 16:28:27,540 - INFO - Successfully clicked 'Read all' button
2025-04-02 16:28:29,568 - INFO - Collected post from 2025-03-14 13:34:45 by Unknown
2025-04-02 16:28:30,608 - INFO - Waiting 3.98 seconds before scrolling...
2025-04-02 16:28:38,817 - INFO - Successfully clicked 'Read all' button
2025-04-02 16:28:40,851 - INFO - Collected post from 2025-03-13 21:34:45 by Unknown
2025-04-02 16:28:41,431 - INFO - Collected post from 2025-03-13 17:18:32 by Unknown
2025-04-02 16:28:42,033 - INFO - Collected post from 2025-03-13 09:43:45 by Unknown
2025-04-02 16:28:42,626 - INFO - Collected post from 2025-03-13 01:47:30 by Unknown
2025-04-02 16:28:43,759 - INFO - Successfully clicked 'Read all' button
2025-04-02 16:28:45,786 - INFO - Collected post from 2025-03-12 18:13:45 by Unknown
2025-04-02 16:28:47,346 - INFO - Waiting 4.86 seconds before scrolling...
2025-04-02 16:28:59,114 - INFO - Collected post from 2025-03-12 13:43:35 by Unknown
2025-04-02 16:28:59,644 - INFO - Waiting 4.77 seconds before scrolling...
2025-04-02 16:29:07,420 - INFO - Completed 30 scrolls, collected 108 posts so far.
2025-04-02 16:29:07,420 - INFO - Oldest post timestamp: 2025-03-12
2025-04-02 16:29:10,291 - INFO - Successfully clicked 'Read all' button
2025-04-02 16:29:12,323 - INFO - Collected post from 2025-03-12 12:28:45 by Unknown
2025-04-02 16:29:13,466 - INFO - Successfully clicked 'Read all' button
2025-04-02 16:29:15,493 - INFO - Collected post from 2025-03-12 03:01:52 by Unknown
2025-04-02 16:29:16,572 - INFO - Collected post from 2025-03-11 22:37:30 by Unknown
2025-04-02 16:29:17,621 - INFO - Taking a longer break (12.96s) to avoid rate limiting...
2025-04-02 16:29:30,583 - INFO - Waiting 4.76 seconds before scrolling...
2025-04-02 16:29:39,570 - INFO - Successfully clicked 'Read all' button
2025-04-02 16:29:41,597 - INFO - Collected post from 2025-03-10 15:07:27 by Unknown
2025-04-02 16:29:42,745 - INFO - Successfully clicked 'Read all' button
2025-04-02 16:29:44,772 - INFO - Collected post from 2025-03-10 12:25:12 by Unknown
2025-04-02 16:29:45,349 - INFO - Collected post from 2025-03-09 01:42:00 by Unknown
2025-04-02 16:29:45,925 - INFO - Collected post from 2025-03-07 09:27:36 by Unknown
2025-04-02 16:29:46,505 - INFO - Collected post from 2025-03-06 19:20:30 by Unknown
2025-04-02 16:29:48,065 - INFO - Waiting 4.77 seconds before scrolling...
2025-04-02 16:29:59,207 - INFO - Successfully clicked 'Read all' button
2025-04-02 16:30:01,239 - INFO - Collected post from 2025-03-06 12:30:44 by Unknown
2025-04-02 16:30:02,357 - INFO - Collected post from 2025-03-06 09:03:25 by Unknown
2025-04-02 16:30:03,407 - INFO - Waiting 4.83 seconds before scrolling...
2025-04-02 16:30:12,981 - INFO - Collected post from 2025-03-06 04:49:40 by Unknown
2025-04-02 16:30:13,552 - INFO - Collected post from 2025-03-05 17:11:21 by Unknown
2025-04-02 16:30:14,120 - INFO - Collected post from 2025-03-05 10:41:32 by Unknown
2025-04-02 16:30:15,752 - INFO - Successfully clicked 'Read all' button
2025-04-02 16:30:17,781 - INFO - Collected post from 2025-03-05 09:56:30 by Unknown
2025-04-02 16:30:18,319 - INFO - Waiting 3.72 seconds before scrolling...
2025-04-02 16:30:26,251 - INFO - Successfully clicked 'Read all' button
2025-04-02 16:30:28,279 - INFO - Collected post from 2025-03-02 18:08:57 by Unknown
2025-04-02 16:30:28,856 - INFO - Collected post from 2025-03-02 17:52:58 by Unknown
2025-04-02 16:30:29,440 - INFO - Collected post from 2025-03-02 01:34:45 by Unknown
2025-04-02 16:30:30,008 - INFO - Collected post from 2025-03-01 15:51:28 by Unknown
2025-04-02 16:30:30,578 - INFO - Collected post from 2025-03-01 15:38:51 by Unknown
2025-04-02 16:30:31,656 - INFO - Collected post from 2025-02-28 03:01:02 by Unknown
2025-04-02 16:30:32,255 - INFO - Collected post from 2025-02-27 06:03:17 by Unknown
2025-04-02 16:30:33,305 - INFO - Waiting 4.94 seconds before scrolling...
2025-04-02 16:30:41,255 - INFO - Completed 35 scrolls, collected 129 posts so far.
2025-04-02 16:30:41,255 - INFO - Oldest post timestamp: 2025-02-27
2025-04-02 16:30:44,082 - INFO - Successfully clicked 'Read all' button
2025-04-02 16:30:46,115 - INFO - Collected post from 2025-02-26 23:07:45 by Unknown
2025-04-02 16:30:46,695 - INFO - Collected post from 2025-02-26 18:14:57 by Unknown
2025-04-02 16:30:48,336 - INFO - Successfully clicked 'Read all' button
2025-04-02 16:30:50,363 - INFO - Collected post from 2025-02-26 14:03:27 by Unknown
2025-04-02 16:30:51,421 - INFO - Waiting 4.95 seconds before scrolling...
2025-04-02 16:30:59,383 - INFO - Saved checkpoint with 132 post IDs
2025-04-02 16:31:03,240 - INFO - Collected post from 2025-02-26 07:28:59 by Unknown
2025-04-02 16:31:03,813 - INFO - Collected post from 2025-02-26 00:08:29 by Unknown
2025-04-02 16:31:04,864 - INFO - Waiting 4.47 seconds before scrolling...
2025-04-02 16:31:13,049 - INFO - Collected post from 2025-02-24 19:30:16 by Unknown
2025-04-02 16:31:13,634 - INFO - Collected post from 2025-02-24 16:41:54 by Unknown
2025-04-02 16:31:14,209 - INFO - Collected post from 2025-02-24 14:45:26 by Unknown
2025-04-02 16:31:14,810 - INFO - Collected post from 2025-02-24 14:29:44 by Unknown
2025-04-02 16:31:15,383 - INFO - Collected post from 2025-02-24 13:29:27 by Unknown
2025-04-02 16:31:17,003 - INFO - Successfully clicked 'Read all' button
2025-04-02 16:31:19,030 - INFO - Collected post from 2025-02-24 08:40:07 by Unknown
2025-04-02 16:31:19,602 - INFO - Collected post from 2025-02-22 15:32:14 by Unknown
2025-04-02 16:31:20,642 - INFO - Waiting 3.64 seconds before scrolling...
2025-04-02 16:31:30,093 - INFO - Collected post from 2025-02-22 12:17:06 by Unknown
2025-04-02 16:31:31,174 - INFO - Collected post from 2025-02-22 10:30:02 by Unknown
2025-04-02 16:31:32,234 - INFO - Waiting 4.57 seconds before scrolling...
2025-04-02 16:31:42,082 - INFO - Collected post from 2025-02-22 05:05:14 by Unknown
2025-04-02 16:31:43,216 - INFO - Successfully clicked 'Read all' button
2025-04-02 16:31:45,243 - INFO - Collected post from 2025-02-21 19:41:10 by Unknown
2025-04-02 16:31:46,319 - INFO - Collected post from 2025-02-21 19:33:24 by Unknown
2025-04-02 16:31:47,368 - INFO - Waiting 3.02 seconds before scrolling...
2025-04-02 16:31:53,395 - INFO - Completed 40 scrolls, collected 146 posts so far.
2025-04-02 16:31:53,395 - INFO - Oldest post timestamp: 2025-02-21
2025-04-02 16:31:54,065 - INFO - Collected post from 2025-02-20 16:45:28 by Unknown
2025-04-02 16:31:54,648 - INFO - Collected post from 2025-02-20 15:45:23 by Unknown
2025-04-02 16:31:55,773 - INFO - Successfully clicked 'Read all' button
2025-04-02 16:31:57,799 - INFO - Collected post from 2025-02-20 15:13:45 by Unknown
2025-04-02 16:31:58,928 - INFO - Successfully clicked 'Read all' button
2025-04-02 16:32:00,959 - INFO - Collected post from 2025-02-20 15:00:43 by Unknown
2025-04-02 16:32:01,553 - INFO - Collected post from 2025-02-20 12:00:26 by Unknown
2025-04-02 16:32:02,641 - INFO - Collected post from 2025-02-20 09:49:07 by Unknown
2025-04-02 16:32:03,189 - INFO - Collected post from 2025-02-19 21:49:45 by Unknown
2025-04-02 16:32:04,241 - INFO - Taking a longer break (15.66s) to avoid rate limiting...
2025-04-02 16:32:19,898 - INFO - Waiting 3.35 seconds before scrolling...
2025-04-02 16:32:29,058 - INFO - Collected post from 2025-02-19 20:47:57 by Unknown
2025-04-02 16:32:30,181 - INFO - Collected post from 2025-02-19 08:04:43 by Unknown
2025-04-02 16:32:31,232 - INFO - Waiting 3.43 seconds before scrolling...
2025-04-02 16:32:39,410 - INFO - Collected post from 2025-02-19 08:02:57 by Unknown
2025-04-02 16:32:39,995 - INFO - Collected post from 2025-02-19 06:55:26 by Unknown
2025-04-02 16:32:41,129 - INFO - Successfully clicked 'Read all' button
2025-04-02 16:32:43,156 - INFO - Collected post from 2025-02-18 18:37:45 by Unknown
2025-04-02 16:32:44,229 - INFO - Collected post from 2025-02-18 17:05:47 by Unknown
2025-04-02 16:32:45,279 - INFO - Waiting 3.57 seconds before scrolling...
2025-04-02 16:32:53,067 - INFO - Successfully clicked 'Read all' button
2025-04-02 16:32:55,095 - INFO - Collected post from 2025-02-18 05:53:23 by Unknown
2025-04-02 16:32:55,674 - INFO - Collected post from 2025-02-18 02:13:45 by Unknown
2025-04-02 16:32:56,260 - INFO - Collected post from 2025-02-17 17:03:28 by Unknown
2025-04-02 16:32:56,852 - INFO - Collected post from 2025-02-17 10:19:51 by Unknown
2025-04-02 16:32:57,429 - INFO - Collected post from 2025-02-17 02:52:13 by Unknown
2025-04-02 16:32:58,989 - INFO - Waiting 4.26 seconds before scrolling...
2025-04-02 16:33:09,129 - INFO - Collected post from 2025-02-17 02:08:15 by Unknown
2025-04-02 16:33:10,214 - INFO - Collected post from 2025-02-16 20:51:32 by Unknown
2025-04-02 16:33:10,806 - INFO - Collected post from 2025-02-16 15:41:23 by Unknown
2025-04-02 16:33:11,846 - INFO - Waiting 3.26 seconds before scrolling...
2025-04-02 16:33:18,117 - INFO - Completed 45 scrolls, collected 167 posts so far.
2025-04-02 16:33:18,117 - INFO - Oldest post timestamp: 2025-02-16
2025-04-02 16:33:22,537 - INFO - Successfully clicked 'Read all' button
2025-04-02 16:33:24,564 - INFO - Collected post from 2025-02-16 08:05:38 by Unknown
2025-04-02 16:33:25,162 - INFO - Collected post from 2025-02-15 17:00:38 by Unknown
2025-04-02 16:33:25,728 - INFO - Collected post from 2025-02-15 16:59:40 by Unknown
2025-04-02 16:33:26,768 - INFO - Waiting 3.18 seconds before scrolling...
2025-04-02 16:33:33,619 - INFO - Collected post from 2025-02-15 03:41:30 by Unknown
2025-04-02 16:33:34,192 - INFO - Collected post from 2025-02-14 20:08:11 by Unknown
2025-04-02 16:33:34,762 - INFO - Collected post from 2025-02-14 09:32:07 by Unknown
2025-04-02 16:33:35,312 - INFO - Collected post from 2025-02-14 08:15:29 by Unknown
2025-04-02 16:33:35,886 - INFO - Collected post from 2025-02-14 02:41:35 by Unknown
2025-04-02 16:33:36,928 - INFO - Collected post from 2025-02-13 21:35:05 by Unknown
2025-04-02 16:33:37,493 - INFO - Collected post from 2025-02-13 21:20:05 by Unknown
2025-04-02 16:33:38,639 - INFO - Successfully clicked 'Read all' button
2025-04-02 16:33:40,665 - INFO - Collected post from 2025-02-13 17:07:45 by Unknown
2025-04-02 16:33:41,705 - INFO - Waiting 3.66 seconds before scrolling...
2025-04-02 16:33:52,265 - INFO - Collected post from 2025-02-13 16:12:28 by Unknown
2025-04-02 16:33:53,344 - INFO - Waiting 4.55 seconds before scrolling...
2025-04-02 16:34:02,640 - INFO - Collected post from 2025-02-13 06:32:22 by Unknown
2025-04-02 16:34:03,210 - INFO - Collected post from 2025-02-12 17:37:28 by Unknown
2025-04-02 16:34:03,787 - INFO - Collected post from 2025-02-12 16:57:09 by Unknown
2025-04-02 16:34:05,418 - INFO - Successfully clicked 'Read all' button
2025-04-02 16:34:07,459 - INFO - Collected post from 2025-02-12 10:34:45 by Unknown
2025-04-02 16:34:08,508 - INFO - Waiting 3.51 seconds before scrolling...
2025-04-02 16:34:15,678 - INFO - Collected post from 2025-02-11 15:33:40 by Unknown
2025-04-02 16:34:16,271 - INFO - Collected post from 2025-02-11 13:52:58 by Unknown
2025-04-02 16:34:16,848 - INFO - Collected post from 2025-02-11 12:27:01 by Unknown
2025-04-02 16:34:17,974 - INFO - Successfully clicked 'Read all' button
2025-04-02 16:34:20,001 - INFO - Collected post from 2025-02-11 09:49:01 by Unknown
2025-04-02 16:34:20,601 - INFO - Collected post from 2025-02-11 07:45:01 by Unknown
2025-04-02 16:34:21,683 - INFO - Collected post from 2025-02-11 06:03:03 by Unknown
2025-04-02 16:34:22,765 - INFO - Waiting 3.66 seconds before scrolling...
2025-04-02 16:34:29,436 - INFO - Completed 50 scrolls, collected 189 posts so far.
2025-04-02 16:34:29,436 - INFO - Oldest post timestamp: 2025-02-11
2025-04-02 16:34:32,798 - INFO - Successfully clicked 'Read all' button
2025-04-02 16:34:34,827 - INFO - Collected post from 2025-02-10 23:34:10 by Unknown
2025-04-02 16:34:35,934 - INFO - Collected post from 2025-02-10 21:05:50 by Unknown
2025-04-02 16:34:37,081 - INFO - Taking a longer break (15.32s) to avoid rate limiting...
2025-04-02 16:34:52,403 - INFO - Waiting 4.92 seconds before scrolling...
2025-04-02 16:35:02,635 - INFO - Collected post from 2025-02-10 20:17:21 by Unknown
2025-04-02 16:35:03,208 - INFO - Collected post from 2025-02-10 13:57:48 by Unknown
2025-04-02 16:35:04,983 - INFO - Successfully clicked 'Read all' button
2025-04-02 16:35:07,009 - INFO - Collected post from 2025-02-10 09:49:48 by Unknown
2025-04-02 16:35:07,548 - INFO - Waiting 4.99 seconds before scrolling...
2025-04-02 16:35:16,233 - INFO - Collected post from 2025-02-10 03:23:41 by Unknown
2025-04-02 16:35:16,871 - INFO - Collected post from 2025-02-09 22:17:16 by Unknown
2025-04-02 16:35:17,473 - INFO - Collected post from 2025-02-09 16:37:11 by Unknown
2025-04-02 16:35:18,566 - INFO - Successfully clicked 'Read all' button
2025-04-02 16:35:20,593 - INFO - Collected post from 2025-02-07 16:28:45 by Unknown
2025-04-02 16:35:21,766 - INFO - Successfully clicked 'Read all' button
2025-04-02 16:35:23,805 - INFO - Collected post from 2025-02-07 16:04:26 by Unknown
2025-04-02 16:35:24,941 - INFO - Collected post from 2025-02-07 15:47:54 by Unknown
2025-04-02 16:35:25,470 - INFO - Saving intermediate results with 200 posts...
2025-04-02 16:35:25,475 - INFO - Saved 200 posts to output/aave_posts_intermediate_200.csv
2025-04-02 16:35:25,475 - INFO - Waiting 3.45 seconds before scrolling...
2025-04-02 16:35:35,830 - INFO - Collected post from 2025-02-07 13:54:40 by Unknown
2025-04-02 16:35:36,411 - INFO - Collected post from 2025-02-07 08:39:41 by Unknown
2025-04-02 16:35:37,487 - INFO - Waiting 4.03 seconds before scrolling...
2025-04-02 16:35:47,860 - INFO - Successfully clicked 'Read all' button
2025-04-02 16:35:49,888 - INFO - Collected post from 2025-02-06 17:30:58 by Unknown
2025-04-02 16:35:50,937 - INFO - Waiting 4.23 seconds before scrolling...
2025-04-02 16:35:58,174 - INFO - Completed 55 scrolls, collected 203 posts so far.
2025-04-02 16:35:58,174 - INFO - Oldest post timestamp: 2025-02-06
2025-04-02 16:35:58,779 - INFO - Collected post from 2025-02-06 09:12:09 by Unknown
2025-04-02 16:35:59,392 - INFO - Collected post from 2025-02-06 08:40:29 by Unknown
2025-04-02 16:35:59,987 - INFO - Collected post from 2025-02-06 05:40:52 by Unknown
2025-04-02 16:36:00,594 - INFO - Collected post from 2025-02-06 05:39:40 by Unknown
2025-04-02 16:36:01,196 - INFO - Collected post from 2025-02-06 02:22:49 by Unknown
2025-04-02 16:36:02,292 - INFO - Collected post from 2025-02-05 21:19:24 by Unknown
2025-04-02 16:36:02,835 - INFO - Collected post from 2025-02-05 19:27:09 by Unknown
2025-04-02 16:36:03,355 - INFO - Waiting 4.97 seconds before scrolling...
2025-04-02 16:36:11,335 - INFO - Saved checkpoint with 210 post IDs
2025-04-02 16:36:15,205 - INFO - Collected post from 2025-02-05 18:40:45 by Unknown
2025-04-02 16:36:16,254 - INFO - Waiting 4.04 seconds before scrolling...
2025-04-02 16:36:26,119 - INFO - Collected post from 2025-02-05 16:47:40 by Unknown
2025-04-02 16:36:27,194 - INFO - Collected post from 2025-02-05 08:52:56 by Unknown
2025-04-02 16:36:27,793 - INFO - Collected post from 2025-02-05 08:26:29 by Unknown
2025-04-02 16:36:28,842 - INFO - Waiting 3.41 seconds before scrolling...
2025-04-02 16:36:35,866 - INFO - Collected post from 2025-02-04 09:27:52 by Unknown
2025-04-02 16:36:37,002 - INFO - Successfully clicked 'Read all' button
2025-04-02 16:36:39,030 - INFO - Collected post from 2025-02-04 07:41:01 by Unknown
2025-04-02 16:36:39,607 - INFO - Collected post from 2025-02-04 06:08:50 by Unknown
2025-04-02 16:36:40,227 - INFO - Collected post from 2025-02-03 22:48:25 by Unknown
2025-04-02 16:36:41,358 - INFO - Successfully clicked 'Read all' button
2025-04-02 16:36:43,391 - INFO - Collected post from 2025-02-03 16:27:04 by Unknown
2025-04-02 16:36:44,473 - INFO - Collected post from 2025-02-03 16:09:12 by Unknown
2025-04-02 16:36:45,523 - INFO - Waiting 4.10 seconds before scrolling...
2025-04-02 16:36:55,425 - INFO - Collected post from 2025-02-03 15:52:44 by Unknown
2025-04-02 16:36:56,525 - INFO - Collected post from 2025-02-03 14:56:18 by Unknown
2025-04-02 16:36:57,665 - INFO - Waiting 4.46 seconds before scrolling...
2025-04-02 16:37:05,169 - INFO - Completed 60 scrolls, collected 222 posts so far.
2025-04-02 16:37:05,169 - INFO - Oldest post timestamp: 2025-02-03
2025-04-02 16:37:08,084 - INFO - Collected post from 2025-02-03 11:23:06 by Unknown
2025-04-02 16:37:09,136 - INFO - Collected post from 2025-02-03 10:37:46 by Unknown
2025-04-02 16:37:09,810 - INFO - Collected post from 2025-02-03 08:14:28 by Unknown
2025-04-02 16:37:10,958 - INFO - Taking a longer break (19.78s) to avoid rate limiting...
2025-04-02 16:37:30,737 - INFO - Waiting 3.29 seconds before scrolling...
2025-04-02 16:37:38,229 - INFO - Collected post from 2025-02-03 06:03:21 by Unknown
2025-04-02 16:37:38,775 - INFO - Collected post from 2025-02-02 19:46:32 by Unknown
2025-04-02 16:37:39,361 - INFO - Collected post from 2025-02-02 14:02:47 by Unknown
2025-04-02 16:37:39,972 - INFO - Collected post from 2025-02-02 05:48:59 by Unknown
2025-04-02 16:37:41,038 - INFO - Collected post from 2025-02-01 12:01:12 by Unknown
2025-04-02 16:37:41,633 - INFO - Collected post from 2025-02-01 08:06:09 by Unknown
2025-04-02 16:37:42,154 - INFO - Waiting 4.37 seconds before scrolling...
2025-04-02 16:37:50,727 - INFO - Collected post from 2025-02-01 07:52:00 by Unknown
2025-04-02 16:37:51,309 - INFO - Collected post from 2025-01-31 21:19:53 by Unknown
2025-04-02 16:37:51,881 - INFO - Collected post from 2025-01-31 15:55:07 by Unknown
2025-04-02 16:37:52,449 - INFO - Collected post from 2025-01-31 09:47:27 by Unknown
2025-04-02 16:37:53,520 - INFO - Collected post from 2025-01-31 07:25:50 by Unknown
2025-04-02 16:37:54,107 - INFO - Collected post from 2025-01-31 05:20:32 by Unknown
2025-04-02 16:37:55,155 - INFO - Waiting 3.39 seconds before scrolling...
2025-04-02 16:38:05,352 - INFO - Collected post from 2025-01-31 00:18:39 by Unknown
2025-04-02 16:38:05,951 - INFO - Collected post from 2025-01-30 13:19:35 by Unknown
2025-04-02 16:38:07,049 - INFO - Successfully clicked 'Read all' button
2025-04-02 16:38:09,118 - INFO - Collected post from 2025-01-30 11:00:20 by Unknown
2025-04-02 16:38:10,175 - INFO - Waiting 3.61 seconds before scrolling...
2025-04-02 16:38:18,489 - INFO - Collected post from 2025-01-30 06:50:28 by Unknown
2025-04-02 16:38:19,055 - INFO - Collected post from 2025-01-30 04:09:39 by Unknown
2025-04-02 16:38:20,162 - INFO - Successfully clicked 'Read all' button
2025-04-02 16:38:22,191 - INFO - Collected post from 2025-01-29 15:24:00 by Unknown
2025-04-02 16:38:23,783 - INFO - Successfully clicked 'Read all' button
2025-04-02 16:38:25,809 - INFO - Collected post from 2025-01-29 14:58:15 by Unknown
2025-04-02 16:38:26,319 - INFO - Waiting 3.17 seconds before scrolling...
2025-04-02 16:38:32,495 - INFO - Completed 65 scrolls, collected 244 posts so far.
2025-04-02 16:38:32,496 - INFO - Oldest post timestamp: 2025-01-29
2025-04-02 16:38:36,202 - WARNING - No new posts in this scroll (1/5 attempts)
2025-04-02 16:38:36,202 - INFO - Waiting 3.12 seconds before scrolling...
2025-04-02 16:38:42,331 - WARNING - Page height didn't change after scroll, trying a different approach...
2025-04-02 16:38:46,042 - WARNING - No new posts in this scroll (2/5 attempts)
2025-04-02 16:38:46,042 - INFO - Waiting 4.96 seconds before scrolling...
2025-04-02 16:38:54,015 - WARNING - Page height didn't change after scroll, trying a different approach...
2025-04-02 16:38:57,730 - WARNING - No new posts in this scroll (3/5 attempts)
2025-04-02 16:38:57,730 - INFO - Waiting 4.66 seconds before scrolling...
2025-04-02 16:39:05,398 - WARNING - Page height didn't change after scroll, trying a different approach...
2025-04-02 16:39:09,105 - WARNING - No new posts in this scroll (4/5 attempts)
2025-04-02 16:39:09,105 - INFO - Waiting 4.69 seconds before scrolling...
2025-04-02 16:39:16,800 - WARNING - Page height didn't change after scroll, trying a different approach...
2025-04-02 16:39:20,509 - INFO - No new posts found after 5 scrolls, stopping.
2025-04-02 16:39:20,513 - INFO - Saved 244 posts to output/aave_posts_complete.csv
2025-04-02 16:39:20,513 - INFO - Saved checkpoint with 244 post IDs
2025-04-02 16:39:20,668 - INFO - Browser closed
2025-04-02 16:39:20,761 - INFO - Cleaned up temporary directory: /tmp/chrome-data-aryli2e8
